{
  "RSpec": {
    "coverage": {
      "/Users/matt_elhotiby/Sites/micro/app/controllers/application_controller.rb": [
        1,
        1,
        1,
        1,
        null,
        1,
        null,
        1,
        33,
        null,
        null
      ],
      "/Users/matt_elhotiby/Sites/micro/app/helpers/application_helper.rb": [
        1,
        null,
        1,
        7,
        7,
        7,
        0,
        null,
        null,
        null,
        null,
        null,
        1,
        25,
        25,
        3,
        null,
        22,
        null,
        null,
        null,
        1,
        50,
        null,
        null
      ],
      "/Users/matt_elhotiby/Sites/micro/app/helpers/sessions_helper.rb": [
        1,
        null,
        1,
        7,
        7,
        null,
        null,
        1,
        50,
        null,
        null,
        1,
        7,
        null,
        null,
        1,
        97,
        null,
        null,
        1,
        0,
        null,
        null,
        1,
        0,
        0,
        0,
        null,
        null,
        null,
        1,
        1,
        1,
        null,
        null,
        1,
        7,
        7,
        null,
        null,
        1,
        0,
        null,
        null,
        null
      ],
      "/Users/matt_elhotiby/Sites/micro/app/helpers/users_helper.rb": [
        1,
        null
      ],
      "/Users/matt_elhotiby/Sites/micro/app/controllers/matches_controller.rb": [
        1,
        null,
        1,
        0,
        null,
        null,
        1,
        null,
        null,
        1,
        null,
        1,
        0,
        null,
        null
      ],
      "/Users/matt_elhotiby/Sites/micro/app/models/match.rb": [
        1,
        1,
        1,
        null
      ],
      "/Users/matt_elhotiby/Sites/micro/app/controllers/photos_controller.rb": [
        1,
        1,
        1,
        null,
        1,
        0,
        0,
        null,
        null,
        1,
        0,
        0,
        0,
        null,
        null,
        null,
        1,
        0,
        0,
        null,
        null,
        1,
        null,
        1,
        0,
        null,
        null,
        null
      ],
      "/Users/matt_elhotiby/Sites/micro/app/models/photo.rb": [
        1,
        1,
        null,
        1,
        1,
        null
      ],
      "/Users/matt_elhotiby/Sites/micro/app/uploaders/photo_uploader.rb": [
        null,
        null,
        1,
        null,
        1,
        null,
        1,
        null,
        1,
        0,
        null,
        null,
        1,
        1,
        null,
        null,
        1,
        1,
        null,
        null,
        1,
        0,
        null,
        null
      ],
      "/Users/matt_elhotiby/Sites/micro/app/controllers/sessions_controller.rb": [
        1,
        1,
        null,
        null,
        1,
        10,
        10,
        7,
        7,
        null,
        3,
        3,
        null,
        null,
        null,
        1,
        1,
        1,
        null,
        null
      ],
      "/Users/matt_elhotiby/Sites/micro/app/controllers/users_controller.rb": [
        1,
        null,
        1,
        1,
        null,
        null,
        1,
        0,
        0,
        0,
        0,
        0,
        0,
        0,
        0,
        0,
        0,
        0,
        null,
        0,
        0,
        null,
        null,
        1,
        2,
        2,
        null,
        null,
        1,
        7,
        null,
        null,
        1,
        0,
        0,
        0,
        0,
        null,
        0,
        null,
        null,
        null
      ],
      "/Users/matt_elhotiby/Sites/micro/app/models/user.rb": [
        1,
        1,
        1,
        1,
        1,
        17,
        1,
        1,
        1,
        1,
        null,
        1,
        1,
        1,
        1,
        1,
        1,
        1,
        1,
        null,
        null,
        null,
        1,
        1,
        null,
        1,
        null,
        1,
        1,
        1,
        1,
        null,
        1,
        0,
        null,
        null,
        1,
        0,
        null,
        null,
        1,
        0,
        null,
        null,
        1,
        0,
        null,
        null,
        1,
        22,
        null,
        null,
        1,
        null,
        1,
        16,
        null,
        null
      ],
      "/Users/matt_elhotiby/Sites/micro/app/models/comment.rb": [
        1,
        null,
        1,
        1,
        1,
        null,
        1,
        1,
        null
      ],
      "/Users/matt_elhotiby/Sites/micro/app/models/interest.rb": [
        1,
        1,
        1,
        1,
        null,
        1,
        1,
        null
      ],
      "/Users/matt_elhotiby/Sites/micro/app/models/profile.rb": [
        1,
        1,
        1,
        1,
        1,
        1,
        1,
        1,
        1,
        1,
        null,
        1,
        48,
        48,
        null,
        null,
        1,
        1,
        1,
        1,
        1,
        1,
        1,
        1,
        null,
        null,
        1,
        null,
        1,
        48,
        48,
        48,
        48,
        null,
        null
      ],
      "/Users/matt_elhotiby/Sites/micro/lib/geo.rb": [
        1,
        1,
        1,
        null,
        1,
        48,
        48,
        null,
        null
      ]
    },
    "timestamp": 1344453335
  }
}
