{
  "RSpec": {
    "coverage": {
      "/Users/matt_elhotiby/Sites/micro/app/controllers/application_controller.rb": [
        1,
        1,
        1,
        1,
        null,
        1,
        null,
        1,
        47,
        null,
        null
      ],
      "/Users/matt_elhotiby/Sites/micro/app/helpers/application_helper.rb": [
        1,
        null,
        1,
        0,
        0,
        0,
        0,
        null,
        null,
        null,
        null,
        null,
        1,
        68,
        null,
        null,
        1,
        14,
        14,
        null,
        null,
        1,
        34,
        34,
        2,
        null,
        32,
        null,
        null,
        null
      ],
      "/Users/matt_elhotiby/Sites/micro/app/helpers/sessions_helper.rb": [
        1,
        null,
        1,
        11,
        11,
        null,
        null,
        1,
        115,
        null,
        null,
        1,
        11,
        null,
        null,
        1,
        331,
        null,
        null,
        1,
        3,
        null,
        null,
        1,
        5,
        2,
        2,
        null,
        null,
        null,
        1,
        2,
        2,
        null,
        null,
        1,
        0,
        0,
        null,
        null,
        1,
        2,
        null,
        null
      ],
      "/Users/matt_elhotiby/Sites/micro/app/helpers/users_helper.rb": [
        1,
        null
      ],
      "/Users/matt_elhotiby/Sites/micro/app/controllers/matches_controller.rb": [
        1,
        1,
        null,
        1,
        0,
        null,
        null,
        1,
        0,
        0,
        0,
        null,
        null,
        null,
        1,
        null,
        1,
        0,
        null,
        null
      ],
      "/Users/matt_elhotiby/Sites/micro/app/models/match.rb": [
        1,
        1,
        1,
        null
      ],
      "/Users/matt_elhotiby/Sites/micro/app/controllers/photos_controller.rb": [
        1,
        1,
        1,
        null,
        1,
        0,
        0,
        null,
        null,
        1,
        0,
        0,
        0,
        null,
        null,
        null,
        1,
        0,
        0,
        null,
        null,
        1,
        null,
        1,
        0,
        null,
        null,
        null
      ],
      "/Users/matt_elhotiby/Sites/micro/app/models/photo.rb": [
        1,
        1,
        null,
        1,
        1,
        null
      ],
      "/Users/matt_elhotiby/Sites/micro/app/uploaders/photo_uploader.rb": [
        null,
        null,
        1,
        null,
        1,
        null,
        1,
        null,
        1,
        0,
        null,
        null,
        1,
        1,
        null,
        null,
        1,
        1,
        null,
        null,
        1,
        1,
        null,
        null,
        1,
        0,
        null,
        null
      ],
      "/Users/matt_elhotiby/Sites/micro/app/controllers/sessions_controller.rb": [
        1,
        1,
        null,
        null,
        1,
        14,
        14,
        11,
        11,
        null,
        3,
        3,
        null,
        null,
        null,
        1,
        2,
        2,
        null,
        null
      ],
      "/Users/matt_elhotiby/Sites/micro/app/controllers/users_controller.rb": [
        1,
        null,
        1,
        1,
        null,
        null,
        1,
        0,
        null,
        null,
        1,
        0,
        0,
        0,
        0,
        0,
        0,
        0,
        0,
        0,
        0,
        0,
        null,
        0,
        0,
        null,
        null,
        1,
        null,
        null,
        1,
        0,
        0,
        0,
        0,
        null,
        0,
        null,
        null,
        null,
        1,
        0,
        0,
        null,
        null,
        1,
        null,
        null,
        1,
        0,
        0,
        0,
        0,
        null,
        0,
        null,
        null,
        null,
        1,
        null,
        1,
        3,
        3,
        null,
        null
      ],
      "/Users/matt_elhotiby/Sites/micro/app/models/user.rb": [
        1,
        1,
        1,
        1,
        1,
        1,
        1,
        1,
        null,
        1,
        1,
        1,
        1,
        1,
        1,
        1,
        1,
        1,
        null,
        null,
        null,
        1,
        1,
        38,
        1,
        null,
        17,
        null,
        1,
        1,
        1,
        1,
        null,
        1,
        0,
        null,
        null,
        1,
        0,
        null,
        null,
        1,
        0,
        null,
        null,
        1,
        0,
        null,
        null,
        1,
        29,
        null,
        null,
        1,
        null,
        1,
        37,
        null,
        null
      ],
      "/Users/matt_elhotiby/Sites/micro/app/controllers/welcome_controller.rb": [
        1,
        1,
        null,
        null
      ],
      "/Users/matt_elhotiby/Sites/micro/app/models/comment.rb": [
        1,
        null,
        1,
        1,
        1,
        null,
        1,
        1,
        null
      ],
      "/Users/matt_elhotiby/Sites/micro/app/models/interest.rb": [
        1,
        1,
        1,
        1,
        null,
        1,
        1,
        null
      ],
      "/Users/matt_elhotiby/Sites/micro/app/models/profile.rb": [
        1,
        1,
        1,
        1,
        1,
        1,
        1,
        1,
        1,
        1,
        null,
        1,
        111,
        111,
        null,
        null,
        1,
        1,
        1,
        1,
        1,
        1,
        1,
        1,
        null,
        null,
        1,
        null,
        1,
        111,
        111,
        111,
        111,
        null,
        null
      ],
      "/Users/matt_elhotiby/Sites/micro/lib/geo.rb": [
        1,
        1,
        1,
        null,
        1,
        111,
        111,
        null,
        null
      ]
    },
    "timestamp": 1346360018
  }
}
